<?xml version="1.0" encoding="UTF-8"?>
<!-- Generated by org.testng.reporters.JUnitReportReporter -->
<testsuite hostname="DESKTOP-N3ISE95" failures="0" tests="4" name="api.testcases.UserTest2" time="10.803" errors="0" timestamp="2025-01-12T14:16:32 IST" skipped="0">
  <testcase classname="api.testcases.UserTest2" name="testCreateUser" time="3.177"/>
  <testcase classname="api.testcases.UserTest2" name="testGetUser" time="1.650"/>
  <testcase classname="api.testcases.UserTest2" name="testUpdateUser" time="3.683"/>
  <testcase classname="api.testcases.UserTest2" name="testDeleteUser" time="2.293"/>
</testsuite> <!-- api.testcases.UserTest2 -->
