<?xml version="1.0" encoding="UTF-8"?>
<!-- Generated by org.testng.reporters.JUnitReportReporter -->
<testsuite hostname="DESKTOP-N3ISE95" failures="0" tests="9" name="api.testcases.UserTestDD" time="11.264" errors="0" timestamp="2025-01-11T15:47:20 IST" skipped="0">
  <testcase classname="api.testcases.UserTestDD" name="testCreateUser" time="1.119"/>
  <testcase classname="api.testcases.UserTestDD" name="testCreateUser" time="2.322"/>
  <testcase classname="api.testcases.UserTestDD" name="testCreateUser" time="1.125"/>
  <testcase classname="api.testcases.UserTestDD" name="testGetUser" time="1.107"/>
  <testcase classname="api.testcases.UserTestDD" name="testGetUser" time="1.120"/>
  <testcase classname="api.testcases.UserTestDD" name="testGetUser" time="1.129"/>
  <testcase classname="api.testcases.UserTestDD" name="testDeleteUser" time="1.113"/>
  <testcase classname="api.testcases.UserTestDD" name="testDeleteUser" time="1.121"/>
  <testcase classname="api.testcases.UserTestDD" name="testDeleteUser" time="1.108"/>
</testsuite> <!-- api.testcases.UserTestDD -->
