<?xml version="1.0" encoding="UTF-8"?>
<!-- Generated by org.testng.reporters.JUnitReportReporter -->
<testsuite hostname="DESKTOP-N3ISE95" failures="0" tests="4" name="api.testcases.UserTest" time="8.844" errors="0" timestamp="2025-01-11T22:09:36 IST" skipped="0">
  <testcase classname="api.testcases.UserTest" name="testCreateUser" time="2.894"/>
  <testcase classname="api.testcases.UserTest" name="testGetUser" time="1.453"/>
  <testcase classname="api.testcases.UserTest" name="testUpdateUser" time="2.969"/>
  <testcase classname="api.testcases.UserTest" name="testDeleteUser" time="1.528"/>
</testsuite> <!-- api.testcases.UserTest -->
