<?xml version="1.0" encoding="UTF-8"?>
<!-- Generated by org.testng.reporters.JUnitReportReporter -->
<testsuite hostname="DESKTOP-N3ISE95" failures="0" tests="4" name="api.testcases.UserTest" time="10.637" errors="0" timestamp="2025-01-12T18:54:18 IST" skipped="0">
  <testcase classname="api.testcases.UserTest" name="testCreateUser" time="3.457"/>
  <testcase classname="api.testcases.UserTest" name="testGetUser" time="2.110"/>
  <testcase classname="api.testcases.UserTest" name="testUpdateUser" time="3.242"/>
  <testcase classname="api.testcases.UserTest" name="testDeleteUser" time="1.828"/>
</testsuite> <!-- api.testcases.UserTest -->
